<?xml version="1.0" encoding="UTF-8"?>
<!-- Generated by org.testng.reporters.JUnitXMLReporter -->
<testsuite ignored="1" hostname="MacBook-Air.local" failures="0" tests="2" name="Default test" time="62.758" errors="0" timestamp="2023-07-13T14:33:15 IST">
  <testcase classname="com.crm.qa.testcases.CreateNewContactTest" name="createUser" time="21.66"/>
  <testcase classname="com.crm.qa.testcases.CreateNewContactTest" name="createUser" time="21.64"/>
  <testcase classname="com.crm.qa.testcases.CreateNewContactTest" name="createContact" time="0.0">
    <ignored/>
  </testcase> <!-- createContact -->
</testsuite> <!-- Default test -->
