<?xml version="1.0" encoding="UTF-8"?>
<testsuite xmlns:xsi="http://www.w3.org/2001/XMLSchema-instance" xsi:noNamespaceSchemaLocation="https://maven.apache.org/surefire/maven-surefire-plugin/xsd/surefire-test-report-3.0.xsd" version="3.0" name="TestSuite" time="201.198" tests="10" errors="0" skipped="0" failures="1">
  <properties>
[...]
</properties>
  <testcase name="createContact" classname="com.crm.qa.testcases.CreateNewContactTest" time="21.886">
    <system-out><![CDATA[Before navigating to: 'https://ui.cogmento.com/'
Navigated to:'https://ui.cogmento.com/'
Trying to find Element By : By.name: email
Found Element By : By.name: email
Trying to find Element By : By.name: password
Found Element By : By.name: password
Trying to find Element By : By.name: email
Found Element By : By.name: email
Trying to find Element By : By.name: email
Found Element By : By.name: email
Trying to find Element By : By.name: email
Found Element By : By.name: email
Trying to click on: [[ChromeDriver: chrome on MAC (87446489936800747d8a3ebb88662e80)] -> name: email]
Clicked on: [[ChromeDriver: chrome on MAC (87446489936800747d8a3ebb88662e80)] -> name: email]
Trying to find Element By : By.name: email
Found Element By : By.name: email
Trying to find Element By : By.name: email
Found Element By : By.name: email
Trying to find Element By : By.name: password
Found Element By : By.name: password
Trying to find Element By : By.name: password
Found Element By : By.name: password
Trying to find Element By : By.name: password
Found Element By : By.name: password
Trying to click on: [[ChromeDriver: chrome on MAC (87446489936800747d8a3ebb88662e80)] -> name: password]
Clicked on: [[ChromeDriver: chrome on MAC (87446489936800747d8a3ebb88662e80)] -> name: password]
Trying to find Element By : By.name: password
Found Element By : By.name: password
Trying to find Element By : By.name: password
Found Element By : By.name: password
Trying to find Element By : By.xpath: //div[contains(text(), 'Login')]
Found Element By : By.xpath: //div[contains(text(), 'Login')]
Trying to find Element By : By.xpath: //div[contains(text(), 'Login')]
Found Element By : By.xpath: //div[contains(text(), 'Login')]
Trying to find Element By : By.xpath: //div[contains(text(), 'Login')]
Found Element By : By.xpath: //div[contains(text(), 'Login')]
Trying to click on: [[ChromeDriver: chrome on MAC (87446489936800747d8a3ebb88662e80)] -> xpath: //div[contains(text(), 'Login')]]
Clicked on: [[ChromeDriver: chrome on MAC (87446489936800747d8a3ebb88662e80)] -> xpath: //div[contains(text(), 'Login')]]
Trying to find Element By : By.xpath: //i[@class='users icon']
Found Element By : By.xpath: //i[@class='users icon']
Trying to find Element By : By.xpath: //i[@class='users icon']
Found Element By : By.xpath: //i[@class='users icon']
Trying to find Element By : By.xpath: //i[@class='users icon']
Found Element By : By.xpath: //i[@class='users icon']
Trying to click on: [[ChromeDriver: chrome on MAC (87446489936800747d8a3ebb88662e80)] -> xpath: //i[@class='users icon']]
Clicked on: [[ChromeDriver: chrome on MAC (87446489936800747d8a3ebb88662e80)] -> xpath: //i[@class='users icon']]
Trying to find Element By : By.xpath: //i[@class='edit icon']
Found Element By : By.xpath: //i[@class='edit icon']
Trying to find Element By : By.xpath: //i[@class='edit icon']
Found Element By : By.xpath: //i[@class='edit icon']
Trying to find Element By : By.xpath: //i[@class='edit icon']
Found Element By : By.xpath: //i[@class='edit icon']
Trying to click on: [[ChromeDriver: chrome on MAC (87446489936800747d8a3ebb88662e80)] -> xpath: //i[@class='edit icon']]
Clicked on: [[ChromeDriver: chrome on MAC (87446489936800747d8a3ebb88662e80)] -> xpath: //i[@class='edit icon']]
Trying to find Element By : By.name: first_name
Found Element By : By.name: first_name
Trying to click on: [[ChromeDriver: chrome on MAC (87446489936800747d8a3ebb88662e80)] -> name: first_name]
Clicked on: [[ChromeDriver: chrome on MAC (87446489936800747d8a3ebb88662e80)] -> name: first_name]
Trying to find Element By : By.name: last_name
Found Element By : By.name: last_name
Trying to click on: [[ChromeDriver: chrome on MAC (87446489936800747d8a3ebb88662e80)] -> name: last_name]
Clicked on: [[ChromeDriver: chrome on MAC (87446489936800747d8a3ebb88662e80)] -> name: last_name]
Trying to find Element By : By.xpath: //div[@name ='company']/input
Found Element By : By.xpath: //div[@name ='company']/input
Trying to find Element By : By.xpath: //div[@name ='company']/input
Found Element By : By.xpath: //div[@name ='company']/input
Trying to find Element By : By.xpath: //div[@name ='company']/input
Found Element By : By.xpath: //div[@name ='company']/input
Trying to click on: [[ChromeDriver: chrome on MAC (87446489936800747d8a3ebb88662e80)] -> xpath: //div[@name ='company']/input]
Clicked on: [[ChromeDriver: chrome on MAC (87446489936800747d8a3ebb88662e80)] -> xpath: //div[@name ='company']/input]
Trying to find Element By : By.xpath: //div[@name ='company']/input
Found Element By : By.xpath: //div[@name ='company']/input
Trying to find Element By : By.xpath: //div[@name ='company']/input
Found Element By : By.xpath: //div[@name ='company']/input
Trying to find Element By : By.xpath: //div[@name='company']/div[@class='visible menu transition']/div[@class='selected item addition' or @class='selected item']
Found Element By : By.xpath: //div[@name='company']/div[@class='visible menu transition']/div[@class='selected item addition' or @class='selected item']
Trying to find Element By : By.xpath: //div[@name='company']/div[@class='visible menu transition']/div[@class='selected item addition' or @class='selected item']
Found Element By : By.xpath: //div[@name='company']/div[@class='visible menu transition']/div[@class='selected item addition' or @class='selected item']
Trying to find Element By : By.xpath: //div[@name='company']/div[@class='visible menu transition']/div[@class='selected item addition' or @class='selected item']
Found Element By : By.xpath: //div[@name='company']/div[@class='visible menu transition']/div[@class='selected item addition' or @class='selected item']
Trying to find Element By : By.xpath: //div[@name='company']/div[@class='visible menu transition']/div[@class='selected item addition' or @class='selected item']
Found Element By : By.xpath: //div[@name='company']/div[@class='visible menu transition']/div[@class='selected item addition' or @class='selected item']
Trying to click on: [[ChromeDriver: chrome on MAC (87446489936800747d8a3ebb88662e80)] -> xpath: //div[@name='company']/div[@class='visible menu transition']/div[@class='selected item addition' or @class='selected item']]
Clicked on: [[ChromeDriver: chrome on MAC (87446489936800747d8a3ebb88662e80)] -> xpath: //div[@name='company']/div[@class='visible menu transition']/div[@class='selected item addition' or @class='selected item']]
Trying to find Element By : By.xpath: //i[@class='search icon clear']
Found Element By : By.xpath: //i[@class='search icon clear']
Trying to find Element By : By.xpath: //i[@class='search icon clear']
Found Element By : By.xpath: //i[@class='search icon clear']
Trying to find Element By : By.xpath: //i[@class='search icon clear']
Found Element By : By.xpath: //i[@class='search icon clear']
Trying to find Element By : By.xpath: //button/i[@class='save icon']
Found Element By : By.xpath: //button/i[@class='save icon']
Trying to find Element By : By.xpath: //button/i[@class='save icon']
Found Element By : By.xpath: //button/i[@class='save icon']
Trying to find Element By : By.xpath: //button/i[@class='save icon']
Found Element By : By.xpath: //button/i[@class='save icon']
Trying to click on: [[ChromeDriver: chrome on MAC (87446489936800747d8a3ebb88662e80)] -> xpath: //button/i[@class='save icon']]
Clicked on: [[ChromeDriver: chrome on MAC (87446489936800747d8a3ebb88662e80)] -> xpath: //button/i[@class='save icon']]
]]></system-out>
    <system-err><![CDATA[SLF4J: Failed to load class "org.slf4j.impl.StaticLoggerBinder".
SLF4J: Defaulting to no-operation (NOP) logger implementation
SLF4J: See http://www.slf4j.org/codes.html#StaticLoggerBinder for further details.
ERROR StatusLogger Log4j2 could not find a logging implementation. Please add log4j-core to the classpath. Using SimpleLogger to log to the console...
Starting ChromeDriver 113.0.5672.63 (0e1a4471d5ae5bf128b1bd8f4d627c8cbd55f70c-refs/branch-heads/5672@{#912}) on port 63099
Only local connections are allowed.
Please see https://chromedriver.chromium.org/security-considerations for suggestions on keeping ChromeDriver safe.
ChromeDriver was started successfully.
Jul 13, 2023 5:34:49 PM org.openqa.selenium.remote.ProtocolHandshake createSession
INFO: Detected dialect: W3C
Jul 13, 2023 5:34:49 PM org.openqa.selenium.devtools.CdpVersionFinder findNearestMatch
WARNING: Unable to find an exact match for CDP version 113, so returning the closest version found: a no-op implementation
Jul 13, 2023 5:34:49 PM org.openqa.selenium.devtools.CdpVersionFinder findNearestMatch
INFO: Unable to find CDP implementation matching 113.
Jul 13, 2023 5:34:49 PM org.openqa.selenium.chromium.ChromiumDriver lambda$new$3
WARNING: Unable to find version of CDP to use for . You may need to include a dependency on a specific version of the CDP using something similar to `org.seleniumhq.selenium:selenium-devtools-v86:4.1.4` where the version ("v86") matches the version of the chromium-based browser you're using and the version number of the artifact is the same as Selenium's.
]]></system-err>
  </testcase>
  <testcase name="createUser[Mr., Sam, sun, SunMirco](1)" classname="com.crm.qa.testcases.CreateNewContactTest" time="21.736">
    <system-out><![CDATA[cell value : Mr.
cell value : Sam
cell value : sun
cell value : SunMirco
cell value : Mr.
cell value : Ram
cell value : Singh
cell value : Micro
Before navigating to: 'https://ui.cogmento.com/'
Navigated to:'https://ui.cogmento.com/'
Trying to find Element By : By.name: email
Found Element By : By.name: email
Trying to find Element By : By.name: password
Found Element By : By.name: password
Trying to find Element By : By.name: email
Found Element By : By.name: email
Trying to find Element By : By.name: email
Found Element By : By.name: email
Trying to find Element By : By.name: email
Found Element By : By.name: email
Trying to click on: [[ChromeDriver: chrome on MAC (19c0796c6a57e8f4d87d1a0670ae09f5)] -> name: email]
Clicked on: [[ChromeDriver: chrome on MAC (19c0796c6a57e8f4d87d1a0670ae09f5)] -> name: email]
Trying to find Element By : By.name: email
Found Element By : By.name: email
Trying to find Element By : By.name: email
Found Element By : By.name: email
Trying to find Element By : By.name: password
Found Element By : By.name: password
Trying to find Element By : By.name: password
Found Element By : By.name: password
Trying to find Element By : By.name: password
Found Element By : By.name: password
Trying to click on: [[ChromeDriver: chrome on MAC (19c0796c6a57e8f4d87d1a0670ae09f5)] -> name: password]
Clicked on: [[ChromeDriver: chrome on MAC (19c0796c6a57e8f4d87d1a0670ae09f5)] -> name: password]
Trying to find Element By : By.name: password
Found Element By : By.name: password
Trying to find Element By : By.name: password
Found Element By : By.name: password
Trying to find Element By : By.xpath: //div[contains(text(), 'Login')]
Found Element By : By.xpath: //div[contains(text(), 'Login')]
Trying to find Element By : By.xpath: //div[contains(text(), 'Login')]
Found Element By : By.xpath: //div[contains(text(), 'Login')]
Trying to find Element By : By.xpath: //div[contains(text(), 'Login')]
Found Element By : By.xpath: //div[contains(text(), 'Login')]
Trying to click on: [[ChromeDriver: chrome on MAC (19c0796c6a57e8f4d87d1a0670ae09f5)] -> xpath: //div[contains(text(), 'Login')]]
Clicked on: [[ChromeDriver: chrome on MAC (19c0796c6a57e8f4d87d1a0670ae09f5)] -> xpath: //div[contains(text(), 'Login')]]
Trying to find Element By : By.xpath: //i[@class='users icon']
Found Element By : By.xpath: //i[@class='users icon']
Trying to find Element By : By.xpath: //i[@class='users icon']
Found Element By : By.xpath: //i[@class='users icon']
Trying to find Element By : By.xpath: //i[@class='users icon']
Found Element By : By.xpath: //i[@class='users icon']
Trying to click on: [[ChromeDriver: chrome on MAC (19c0796c6a57e8f4d87d1a0670ae09f5)] -> xpath: //i[@class='users icon']]
Clicked on: [[ChromeDriver: chrome on MAC (19c0796c6a57e8f4d87d1a0670ae09f5)] -> xpath: //i[@class='users icon']]
Trying to find Element By : By.xpath: //i[@class='edit icon']
Found Element By : By.xpath: //i[@class='edit icon']
Trying to find Element By : By.xpath: //i[@class='edit icon']
Found Element By : By.xpath: //i[@class='edit icon']
Trying to find Element By : By.xpath: //i[@class='edit icon']
Found Element By : By.xpath: //i[@class='edit icon']
Trying to click on: [[ChromeDriver: chrome on MAC (19c0796c6a57e8f4d87d1a0670ae09f5)] -> xpath: //i[@class='edit icon']]
Clicked on: [[ChromeDriver: chrome on MAC (19c0796c6a57e8f4d87d1a0670ae09f5)] -> xpath: //i[@class='edit icon']]
Mr.SamsunSunMirco
Trying to find Element By : By.name: first_name
Found Element By : By.name: first_name
Trying to click on: [[ChromeDriver: chrome on MAC (19c0796c6a57e8f4d87d1a0670ae09f5)] -> name: first_name]
Clicked on: [[ChromeDriver: chrome on MAC (19c0796c6a57e8f4d87d1a0670ae09f5)] -> name: first_name]
Trying to find Element By : By.name: last_name
Found Element By : By.name: last_name
Trying to click on: [[ChromeDriver: chrome on MAC (19c0796c6a57e8f4d87d1a0670ae09f5)] -> name: last_name]
Clicked on: [[ChromeDriver: chrome on MAC (19c0796c6a57e8f4d87d1a0670ae09f5)] -> name: last_name]
Trying to find Element By : By.xpath: //div[@name ='company']/input
Found Element By : By.xpath: //div[@name ='company']/input
Trying to find Element By : By.xpath: //div[@name ='company']/input
Found Element By : By.xpath: //div[@name ='company']/input
Trying to find Element By : By.xpath: //div[@name ='company']/input
Found Element By : By.xpath: //div[@name ='company']/input
Trying to click on: [[ChromeDriver: chrome on MAC (19c0796c6a57e8f4d87d1a0670ae09f5)] -> xpath: //div[@name ='company']/input]
Clicked on: [[ChromeDriver: chrome on MAC (19c0796c6a57e8f4d87d1a0670ae09f5)] -> xpath: //div[@name ='company']/input]
Trying to find Element By : By.xpath: //div[@name ='company']/input
Found Element By : By.xpath: //div[@name ='company']/input
Trying to find Element By : By.xpath: //div[@name ='company']/input
Found Element By : By.xpath: //div[@name ='company']/input
Trying to find Element By : By.xpath: //div[@name='company']/div[@class='visible menu transition']/div[@class='selected item addition' or @class='selected item']
Found Element By : By.xpath: //div[@name='company']/div[@class='visible menu transition']/div[@class='selected item addition' or @class='selected item']
Trying to find Element By : By.xpath: //div[@name='company']/div[@class='visible menu transition']/div[@class='selected item addition' or @class='selected item']
Found Element By : By.xpath: //div[@name='company']/div[@class='visible menu transition']/div[@class='selected item addition' or @class='selected item']
Trying to find Element By : By.xpath: //div[@name='company']/div[@class='visible menu transition']/div[@class='selected item addition' or @class='selected item']
Found Element By : By.xpath: //div[@name='company']/div[@class='visible menu transition']/div[@class='selected item addition' or @class='selected item']
Trying to find Element By : By.xpath: //div[@name='company']/div[@class='visible menu transition']/div[@class='selected item addition' or @class='selected item']
Found Element By : By.xpath: //div[@name='company']/div[@class='visible menu transition']/div[@class='selected item addition' or @class='selected item']
Trying to click on: [[ChromeDriver: chrome on MAC (19c0796c6a57e8f4d87d1a0670ae09f5)] -> xpath: //div[@name='company']/div[@class='visible menu transition']/div[@class='selected item addition' or @class='selected item']]
Clicked on: [[ChromeDriver: chrome on MAC (19c0796c6a57e8f4d87d1a0670ae09f5)] -> xpath: //div[@name='company']/div[@class='visible menu transition']/div[@class='selected item addition' or @class='selected item']]
Trying to find Element By : By.xpath: //i[@class='search icon clear']
Found Element By : By.xpath: //i[@class='search icon clear']
Trying to find Element By : By.xpath: //i[@class='search icon clear']
Found Element By : By.xpath: //i[@class='search icon clear']
Trying to find Element By : By.xpath: //i[@class='search icon clear']
Found Element By : By.xpath: //i[@class='search icon clear']
Trying to find Element By : By.xpath: //button/i[@class='save icon']
Found Element By : By.xpath: //button/i[@class='save icon']
Trying to find Element By : By.xpath: //button/i[@class='save icon']
Found Element By : By.xpath: //button/i[@class='save icon']
Trying to find Element By : By.xpath: //button/i[@class='save icon']
Found Element By : By.xpath: //button/i[@class='save icon']
Trying to click on: [[ChromeDriver: chrome on MAC (19c0796c6a57e8f4d87d1a0670ae09f5)] -> xpath: //button/i[@class='save icon']]
Clicked on: [[ChromeDriver: chrome on MAC (19c0796c6a57e8f4d87d1a0670ae09f5)] -> xpath: //button/i[@class='save icon']]
]]></system-out>
    <system-err><![CDATA[Starting ChromeDriver 113.0.5672.63 (0e1a4471d5ae5bf128b1bd8f4d627c8cbd55f70c-refs/branch-heads/5672@{#912}) on port 64368
Only local connections are allowed.
Please see https://chromedriver.chromium.org/security-considerations for suggestions on keeping ChromeDriver safe.
ChromeDriver was started successfully.
Jul 13, 2023 5:35:21 PM org.openqa.selenium.remote.ProtocolHandshake createSession
INFO: Detected dialect: W3C
Jul 13, 2023 5:35:21 PM org.openqa.selenium.devtools.CdpVersionFinder findNearestMatch
WARNING: Unable to find an exact match for CDP version 113, so returning the closest version found: a no-op implementation
Jul 13, 2023 5:35:21 PM org.openqa.selenium.devtools.CdpVersionFinder findNearestMatch
INFO: Unable to find CDP implementation matching 113.
Jul 13, 2023 5:35:21 PM org.openqa.selenium.chromium.ChromiumDriver lambda$new$3
WARNING: Unable to find version of CDP to use for . You may need to include a dependency on a specific version of the CDP using something similar to `org.seleniumhq.selenium:selenium-devtools-v86:4.1.4` where the version ("v86") matches the version of the chromium-based browser you're using and the version number of the artifact is the same as Selenium's.
]]></system-err>
  </testcase>
  <testcase name="createUser[Mr., Ram, Singh, Micro](2)" classname="com.crm.qa.testcases.CreateNewContactTest" time="21.781">
    <system-out><![CDATA[Before navigating to: 'https://ui.cogmento.com/'
Navigated to:'https://ui.cogmento.com/'
Trying to find Element By : By.name: email
Found Element By : By.name: email
Trying to find Element By : By.name: password
Found Element By : By.name: password
Trying to find Element By : By.name: email
Found Element By : By.name: email
Trying to find Element By : By.name: email
Found Element By : By.name: email
Trying to find Element By : By.name: email
Found Element By : By.name: email
Trying to click on: [[ChromeDriver: chrome on MAC (0b7e124144fcd662664f24f998d6f282)] -> name: email]
Clicked on: [[ChromeDriver: chrome on MAC (0b7e124144fcd662664f24f998d6f282)] -> name: email]
Trying to find Element By : By.name: email
Found Element By : By.name: email
Trying to find Element By : By.name: email
Found Element By : By.name: email
Trying to find Element By : By.name: password
Found Element By : By.name: password
Trying to find Element By : By.name: password
Found Element By : By.name: password
Trying to find Element By : By.name: password
Found Element By : By.name: password
Trying to click on: [[ChromeDriver: chrome on MAC (0b7e124144fcd662664f24f998d6f282)] -> name: password]
Clicked on: [[ChromeDriver: chrome on MAC (0b7e124144fcd662664f24f998d6f282)] -> name: password]
Trying to find Element By : By.name: password
Found Element By : By.name: password
Trying to find Element By : By.name: password
Found Element By : By.name: password
Trying to find Element By : By.xpath: //div[contains(text(), 'Login')]
Found Element By : By.xpath: //div[contains(text(), 'Login')]
Trying to find Element By : By.xpath: //div[contains(text(), 'Login')]
Found Element By : By.xpath: //div[contains(text(), 'Login')]
Trying to find Element By : By.xpath: //div[contains(text(), 'Login')]
Found Element By : By.xpath: //div[contains(text(), 'Login')]
Trying to click on: [[ChromeDriver: chrome on MAC (0b7e124144fcd662664f24f998d6f282)] -> xpath: //div[contains(text(), 'Login')]]
Clicked on: [[ChromeDriver: chrome on MAC (0b7e124144fcd662664f24f998d6f282)] -> xpath: //div[contains(text(), 'Login')]]
Trying to find Element By : By.xpath: //i[@class='users icon']
Found Element By : By.xpath: //i[@class='users icon']
Trying to find Element By : By.xpath: //i[@class='users icon']
Found Element By : By.xpath: //i[@class='users icon']
Trying to find Element By : By.xpath: //i[@class='users icon']
Found Element By : By.xpath: //i[@class='users icon']
Trying to click on: [[ChromeDriver: chrome on MAC (0b7e124144fcd662664f24f998d6f282)] -> xpath: //i[@class='users icon']]
Clicked on: [[ChromeDriver: chrome on MAC (0b7e124144fcd662664f24f998d6f282)] -> xpath: //i[@class='users icon']]
Trying to find Element By : By.xpath: //i[@class='edit icon']
Found Element By : By.xpath: //i[@class='edit icon']
Trying to find Element By : By.xpath: //i[@class='edit icon']
Found Element By : By.xpath: //i[@class='edit icon']
Trying to find Element By : By.xpath: //i[@class='edit icon']
Found Element By : By.xpath: //i[@class='edit icon']
Trying to click on: [[ChromeDriver: chrome on MAC (0b7e124144fcd662664f24f998d6f282)] -> xpath: //i[@class='edit icon']]
Clicked on: [[ChromeDriver: chrome on MAC (0b7e124144fcd662664f24f998d6f282)] -> xpath: //i[@class='edit icon']]
Mr.RamSinghMicro
Trying to find Element By : By.name: first_name
Found Element By : By.name: first_name
Trying to click on: [[ChromeDriver: chrome on MAC (0b7e124144fcd662664f24f998d6f282)] -> name: first_name]
Clicked on: [[ChromeDriver: chrome on MAC (0b7e124144fcd662664f24f998d6f282)] -> name: first_name]
Trying to find Element By : By.name: last_name
Found Element By : By.name: last_name
Trying to click on: [[ChromeDriver: chrome on MAC (0b7e124144fcd662664f24f998d6f282)] -> name: last_name]
Clicked on: [[ChromeDriver: chrome on MAC (0b7e124144fcd662664f24f998d6f282)] -> name: last_name]
Trying to find Element By : By.xpath: //div[@name ='company']/input
Found Element By : By.xpath: //div[@name ='company']/input
Trying to find Element By : By.xpath: //div[@name ='company']/input
Found Element By : By.xpath: //div[@name ='company']/input
Trying to find Element By : By.xpath: //div[@name ='company']/input
Found Element By : By.xpath: //div[@name ='company']/input
Trying to click on: [[ChromeDriver: chrome on MAC (0b7e124144fcd662664f24f998d6f282)] -> xpath: //div[@name ='company']/input]
Clicked on: [[ChromeDriver: chrome on MAC (0b7e124144fcd662664f24f998d6f282)] -> xpath: //div[@name ='company']/input]
Trying to find Element By : By.xpath: //div[@name ='company']/input
Found Element By : By.xpath: //div[@name ='company']/input
Trying to find Element By : By.xpath: //div[@name ='company']/input
Found Element By : By.xpath: //div[@name ='company']/input
Trying to find Element By : By.xpath: //div[@name='company']/div[@class='visible menu transition']/div[@class='selected item addition' or @class='selected item']
Found Element By : By.xpath: //div[@name='company']/div[@class='visible menu transition']/div[@class='selected item addition' or @class='selected item']
Trying to find Element By : By.xpath: //div[@name='company']/div[@class='visible menu transition']/div[@class='selected item addition' or @class='selected item']
Found Element By : By.xpath: //div[@name='company']/div[@class='visible menu transition']/div[@class='selected item addition' or @class='selected item']
Trying to find Element By : By.xpath: //div[@name='company']/div[@class='visible menu transition']/div[@class='selected item addition' or @class='selected item']
Found Element By : By.xpath: //div[@name='company']/div[@class='visible menu transition']/div[@class='selected item addition' or @class='selected item']
Trying to find Element By : By.xpath: //div[@name='company']/div[@class='visible menu transition']/div[@class='selected item addition' or @class='selected item']
Found Element By : By.xpath: //div[@name='company']/div[@class='visible menu transition']/div[@class='selected item addition' or @class='selected item']
Trying to click on: [[ChromeDriver: chrome on MAC (0b7e124144fcd662664f24f998d6f282)] -> xpath: //div[@name='company']/div[@class='visible menu transition']/div[@class='selected item addition' or @class='selected item']]
Clicked on: [[ChromeDriver: chrome on MAC (0b7e124144fcd662664f24f998d6f282)] -> xpath: //div[@name='company']/div[@class='visible menu transition']/div[@class='selected item addition' or @class='selected item']]
Trying to find Element By : By.xpath: //i[@class='search icon clear']
Found Element By : By.xpath: //i[@class='search icon clear']
Trying to find Element By : By.xpath: //i[@class='search icon clear']
Found Element By : By.xpath: //i[@class='search icon clear']
Trying to find Element By : By.xpath: //i[@class='search icon clear']
Found Element By : By.xpath: //i[@class='search icon clear']
Trying to find Element By : By.xpath: //button/i[@class='save icon']
Found Element By : By.xpath: //button/i[@class='save icon']
Trying to find Element By : By.xpath: //button/i[@class='save icon']
Found Element By : By.xpath: //button/i[@class='save icon']
Trying to find Element By : By.xpath: //button/i[@class='save icon']
Found Element By : By.xpath: //button/i[@class='save icon']
Trying to click on: [[ChromeDriver: chrome on MAC (0b7e124144fcd662664f24f998d6f282)] -> xpath: //button/i[@class='save icon']]
Clicked on: [[ChromeDriver: chrome on MAC (0b7e124144fcd662664f24f998d6f282)] -> xpath: //button/i[@class='save icon']]
]]></system-out>
    <system-err><![CDATA[Starting ChromeDriver 113.0.5672.63 (0e1a4471d5ae5bf128b1bd8f4d627c8cbd55f70c-refs/branch-heads/5672@{#912}) on port 55253
Only local connections are allowed.
Please see https://chromedriver.chromium.org/security-considerations for suggestions on keeping ChromeDriver safe.
ChromeDriver was started successfully.
Jul 13, 2023 5:35:52 PM org.openqa.selenium.remote.ProtocolHandshake createSession
INFO: Detected dialect: W3C
Jul 13, 2023 5:35:52 PM org.openqa.selenium.devtools.CdpVersionFinder findNearestMatch
WARNING: Unable to find an exact match for CDP version 113, so returning the closest version found: a no-op implementation
Jul 13, 2023 5:35:52 PM org.openqa.selenium.devtools.CdpVersionFinder findNearestMatch
INFO: Unable to find CDP implementation matching 113.
Jul 13, 2023 5:35:52 PM org.openqa.selenium.chromium.ChromiumDriver lambda$new$3
WARNING: Unable to find version of CDP to use for . You may need to include a dependency on a specific version of the CDP using something similar to `org.seleniumhq.selenium:selenium-devtools-v86:4.1.4` where the version ("v86") matches the version of the chromium-based browser you're using and the version number of the artifact is the same as Selenium's.
]]></system-err>
  </testcase>
  <testcase name="verifyContactPage" classname="com.crm.qa.testcases.ContactPageTest" time="0.03">
    <system-out><![CDATA[Before navigating to: 'https://ui.cogmento.com/'
Navigated to:'https://ui.cogmento.com/'
Trying to find Element By : By.name: email
Found Element By : By.name: email
Trying to find Element By : By.name: password
Found Element By : By.name: password
Trying to find Element By : By.name: email
Found Element By : By.name: email
Trying to find Element By : By.name: email
Found Element By : By.name: email
Trying to find Element By : By.name: email
Found Element By : By.name: email
Trying to click on: [[ChromeDriver: chrome on MAC (8225a2f57fd4dd9670c701b9d54d1730)] -> name: email]
Clicked on: [[ChromeDriver: chrome on MAC (8225a2f57fd4dd9670c701b9d54d1730)] -> name: email]
Trying to find Element By : By.name: email
Found Element By : By.name: email
Trying to find Element By : By.name: email
Found Element By : By.name: email
Trying to find Element By : By.name: password
Found Element By : By.name: password
Trying to find Element By : By.name: password
Found Element By : By.name: password
Trying to find Element By : By.name: password
Found Element By : By.name: password
Trying to click on: [[ChromeDriver: chrome on MAC (8225a2f57fd4dd9670c701b9d54d1730)] -> name: password]
Clicked on: [[ChromeDriver: chrome on MAC (8225a2f57fd4dd9670c701b9d54d1730)] -> name: password]
Trying to find Element By : By.name: password
Found Element By : By.name: password
Trying to find Element By : By.name: password
Found Element By : By.name: password
Trying to find Element By : By.xpath: //div[contains(text(), 'Login')]
Found Element By : By.xpath: //div[contains(text(), 'Login')]
Trying to find Element By : By.xpath: //div[contains(text(), 'Login')]
Found Element By : By.xpath: //div[contains(text(), 'Login')]
Trying to find Element By : By.xpath: //div[contains(text(), 'Login')]
Found Element By : By.xpath: //div[contains(text(), 'Login')]
Trying to click on: [[ChromeDriver: chrome on MAC (8225a2f57fd4dd9670c701b9d54d1730)] -> xpath: //div[contains(text(), 'Login')]]
Clicked on: [[ChromeDriver: chrome on MAC (8225a2f57fd4dd9670c701b9d54d1730)] -> xpath: //div[contains(text(), 'Login')]]
Trying to find Element By : By.xpath: //i[@class='users icon']
Found Element By : By.xpath: //i[@class='users icon']
Trying to find Element By : By.xpath: //i[@class='users icon']
Found Element By : By.xpath: //i[@class='users icon']
Trying to find Element By : By.xpath: //i[@class='users icon']
Found Element By : By.xpath: //i[@class='users icon']
Trying to click on: [[ChromeDriver: chrome on MAC (8225a2f57fd4dd9670c701b9d54d1730)] -> xpath: //i[@class='users icon']]
Clicked on: [[ChromeDriver: chrome on MAC (8225a2f57fd4dd9670c701b9d54d1730)] -> xpath: //i[@class='users icon']]
Trying to find Element By : By.xpath: //div[@class= 'ui header item mb5 light-black']/span
Found Element By : By.xpath: //div[@class= 'ui header item mb5 light-black']/span
Trying to find Element By : By.xpath: //div[@class= 'ui header item mb5 light-black']/span
Found Element By : By.xpath: //div[@class= 'ui header item mb5 light-black']/span
]]></system-out>
    <system-err><![CDATA[Starting ChromeDriver 113.0.5672.63 (0e1a4471d5ae5bf128b1bd8f4d627c8cbd55f70c-refs/branch-heads/5672@{#912}) on port 49574
Only local connections are allowed.
Please see https://chromedriver.chromium.org/security-considerations for suggestions on keeping ChromeDriver safe.
ChromeDriver was started successfully.
Jul 13, 2023 5:36:24 PM org.openqa.selenium.remote.ProtocolHandshake createSession
INFO: Detected dialect: W3C
Jul 13, 2023 5:36:24 PM org.openqa.selenium.devtools.CdpVersionFinder findNearestMatch
WARNING: Unable to find an exact match for CDP version 113, so returning the closest version found: a no-op implementation
Jul 13, 2023 5:36:24 PM org.openqa.selenium.devtools.CdpVersionFinder findNearestMatch
INFO: Unable to find CDP implementation matching 113.
Jul 13, 2023 5:36:24 PM org.openqa.selenium.chromium.ChromiumDriver lambda$new$3
WARNING: Unable to find version of CDP to use for . You may need to include a dependency on a specific version of the CDP using something similar to `org.seleniumhq.selenium:selenium-devtools-v86:4.1.4` where the version ("v86") matches the version of the chromium-based browser you're using and the version number of the artifact is the same as Selenium's.
]]></system-err>
  </testcase>
  <testcase name="verifySelectContact" classname="com.crm.qa.testcases.ContactPageTest" time="2.327">
    <system-out><![CDATA[Before navigating to: 'https://ui.cogmento.com/'
Navigated to:'https://ui.cogmento.com/'
Trying to find Element By : By.name: email
Found Element By : By.name: email
Trying to find Element By : By.name: password
Found Element By : By.name: password
Trying to find Element By : By.name: email
Found Element By : By.name: email
Trying to find Element By : By.name: email
Found Element By : By.name: email
Trying to find Element By : By.name: email
Found Element By : By.name: email
Trying to click on: [[ChromeDriver: chrome on MAC (fcfe0ccdbaa61569507e64dc4ec03a87)] -> name: email]
Clicked on: [[ChromeDriver: chrome on MAC (fcfe0ccdbaa61569507e64dc4ec03a87)] -> name: email]
Trying to find Element By : By.name: email
Found Element By : By.name: email
Trying to find Element By : By.name: email
Found Element By : By.name: email
Trying to find Element By : By.name: password
Found Element By : By.name: password
Trying to find Element By : By.name: password
Found Element By : By.name: password
Trying to find Element By : By.name: password
Found Element By : By.name: password
Trying to click on: [[ChromeDriver: chrome on MAC (fcfe0ccdbaa61569507e64dc4ec03a87)] -> name: password]
Clicked on: [[ChromeDriver: chrome on MAC (fcfe0ccdbaa61569507e64dc4ec03a87)] -> name: password]
Trying to find Element By : By.name: password
Found Element By : By.name: password
Trying to find Element By : By.name: password
Found Element By : By.name: password
Trying to find Element By : By.xpath: //div[contains(text(), 'Login')]
Found Element By : By.xpath: //div[contains(text(), 'Login')]
Trying to find Element By : By.xpath: //div[contains(text(), 'Login')]
Found Element By : By.xpath: //div[contains(text(), 'Login')]
Trying to find Element By : By.xpath: //div[contains(text(), 'Login')]
Found Element By : By.xpath: //div[contains(text(), 'Login')]
Trying to click on: [[ChromeDriver: chrome on MAC (fcfe0ccdbaa61569507e64dc4ec03a87)] -> xpath: //div[contains(text(), 'Login')]]
Clicked on: [[ChromeDriver: chrome on MAC (fcfe0ccdbaa61569507e64dc4ec03a87)] -> xpath: //div[contains(text(), 'Login')]]
Trying to find Element By : By.xpath: //i[@class='users icon']
Found Element By : By.xpath: //i[@class='users icon']
Trying to find Element By : By.xpath: //i[@class='users icon']
Found Element By : By.xpath: //i[@class='users icon']
Trying to find Element By : By.xpath: //i[@class='users icon']
Found Element By : By.xpath: //i[@class='users icon']
Trying to click on: [[ChromeDriver: chrome on MAC (fcfe0ccdbaa61569507e64dc4ec03a87)] -> xpath: //i[@class='users icon']]
Clicked on: [[ChromeDriver: chrome on MAC (fcfe0ccdbaa61569507e64dc4ec03a87)] -> xpath: //i[@class='users icon']]
Trying to find Element By : By.xpath: //div[@class= 'ui header item mb5 light-black']/span
Found Element By : By.xpath: //div[@class= 'ui header item mb5 light-black']/span
Trying to find Element By : By.xpath: //div[@class= 'ui header item mb5 light-black']/span
Found Element By : By.xpath: //div[@class= 'ui header item mb5 light-black']/span
Trying to find Element By : By.xpath: //i[@class='edit icon']
Found Element By : By.xpath: //i[@class='edit icon']
Trying to find Element By : By.xpath: //i[@class='edit icon']
Found Element By : By.xpath: //i[@class='edit icon']
Trying to find Element By : By.xpath: //i[@class='edit icon']
Found Element By : By.xpath: //i[@class='edit icon']
Trying to find Element By : By.xpath: //tr/td/div[@class='ui fitted read-only checkbox']
Found Element By : By.xpath: //tr/td/div[@class='ui fitted read-only checkbox']
Trying to find Element By : By.xpath: //tr/td/div[@class='ui fitted read-only checkbox']
Found Element By : By.xpath: //tr/td/div[@class='ui fitted read-only checkbox']
Trying to find Element By : By.xpath: //tr/td/div[@class='ui fitted read-only checkbox']
Found Element By : By.xpath: //tr/td/div[@class='ui fitted read-only checkbox']
Trying to find Element By : By.xpath: //tr/td/div[@class='ui fitted read-only checkbox']
Found Element By : By.xpath: //tr/td/div[@class='ui fitted read-only checkbox']
Trying to click on: [[ChromeDriver: chrome on MAC (fcfe0ccdbaa61569507e64dc4ec03a87)] -> xpath: //tr/td/div[@class='ui fitted read-only checkbox']]
Clicked on: [[ChromeDriver: chrome on MAC (fcfe0ccdbaa61569507e64dc4ec03a87)] -> xpath: //tr/td/div[@class='ui fitted read-only checkbox']]
]]></system-out>
    <system-err><![CDATA[Starting ChromeDriver 113.0.5672.63 (0e1a4471d5ae5bf128b1bd8f4d627c8cbd55f70c-refs/branch-heads/5672@{#912}) on port 49719
Only local connections are allowed.
Please see https://chromedriver.chromium.org/security-considerations for suggestions on keeping ChromeDriver safe.
ChromeDriver was started successfully.
Jul 13, 2023 5:36:33 PM org.openqa.selenium.remote.ProtocolHandshake createSession
INFO: Detected dialect: W3C
Jul 13, 2023 5:36:33 PM org.openqa.selenium.devtools.CdpVersionFinder findNearestMatch
WARNING: Unable to find an exact match for CDP version 113, so returning the closest version found: a no-op implementation
Jul 13, 2023 5:36:33 PM org.openqa.selenium.devtools.CdpVersionFinder findNearestMatch
INFO: Unable to find CDP implementation matching 113.
Jul 13, 2023 5:36:33 PM org.openqa.selenium.chromium.ChromiumDriver lambda$new$3
WARNING: Unable to find version of CDP to use for . You may need to include a dependency on a specific version of the CDP using something similar to `org.seleniumhq.selenium:selenium-devtools-v86:4.1.4` where the version ("v86") matches the version of the chromium-based browser you're using and the version number of the artifact is the same as Selenium's.
]]></system-err>
  </testcase>
  <testcase name="clickOnContacts" classname="com.crm.qa.testcases.HomePageTest" time="2.47">
    <system-out><![CDATA[Before navigating to: 'https://ui.cogmento.com/'
Navigated to:'https://ui.cogmento.com/'
Trying to find Element By : By.name: email
Found Element By : By.name: email
Trying to find Element By : By.name: password
Found Element By : By.name: password
Trying to find Element By : By.name: email
Found Element By : By.name: email
Trying to find Element By : By.name: email
Found Element By : By.name: email
Trying to find Element By : By.name: email
Found Element By : By.name: email
Trying to click on: [[ChromeDriver: chrome on MAC (f4fff86ef20020ef947512e2b58023fe)] -> name: email]
Clicked on: [[ChromeDriver: chrome on MAC (f4fff86ef20020ef947512e2b58023fe)] -> name: email]
Trying to find Element By : By.name: email
Found Element By : By.name: email
Trying to find Element By : By.name: email
Found Element By : By.name: email
Trying to find Element By : By.name: password
Found Element By : By.name: password
Trying to find Element By : By.name: password
Found Element By : By.name: password
Trying to find Element By : By.name: password
Found Element By : By.name: password
Trying to click on: [[ChromeDriver: chrome on MAC (f4fff86ef20020ef947512e2b58023fe)] -> name: password]
Clicked on: [[ChromeDriver: chrome on MAC (f4fff86ef20020ef947512e2b58023fe)] -> name: password]
Trying to find Element By : By.name: password
Found Element By : By.name: password
Trying to find Element By : By.name: password
Found Element By : By.name: password
Trying to find Element By : By.xpath: //div[contains(text(), 'Login')]
Found Element By : By.xpath: //div[contains(text(), 'Login')]
Trying to find Element By : By.xpath: //div[contains(text(), 'Login')]
Found Element By : By.xpath: //div[contains(text(), 'Login')]
Trying to find Element By : By.xpath: //div[contains(text(), 'Login')]
Found Element By : By.xpath: //div[contains(text(), 'Login')]
Trying to click on: [[ChromeDriver: chrome on MAC (f4fff86ef20020ef947512e2b58023fe)] -> xpath: //div[contains(text(), 'Login')]]
Clicked on: [[ChromeDriver: chrome on MAC (f4fff86ef20020ef947512e2b58023fe)] -> xpath: //div[contains(text(), 'Login')]]
Trying to find Element By : By.xpath: //span[@class='user-display']
Found Element By : By.xpath: //span[@class='user-display']
Trying to find Element By : By.xpath: //span[@class='user-display']
Found Element By : By.xpath: //span[@class='user-display']
Trying to find Element By : By.xpath: //i[@class='users icon']
Found Element By : By.xpath: //i[@class='users icon']
Trying to find Element By : By.xpath: //i[@class='users icon']
Found Element By : By.xpath: //i[@class='users icon']
Trying to find Element By : By.xpath: //i[@class='users icon']
Found Element By : By.xpath: //i[@class='users icon']
Trying to click on: [[ChromeDriver: chrome on MAC (f4fff86ef20020ef947512e2b58023fe)] -> xpath: //i[@class='users icon']]
Clicked on: [[ChromeDriver: chrome on MAC (f4fff86ef20020ef947512e2b58023fe)] -> xpath: //i[@class='users icon']]
]]></system-out>
    <system-err><![CDATA[Starting ChromeDriver 113.0.5672.63 (0e1a4471d5ae5bf128b1bd8f4d627c8cbd55f70c-refs/branch-heads/5672@{#912}) on port 63994
Only local connections are allowed.
Please see https://chromedriver.chromium.org/security-considerations for suggestions on keeping ChromeDriver safe.
ChromeDriver was started successfully.
Jul 13, 2023 5:36:46 PM org.openqa.selenium.remote.ProtocolHandshake createSession
INFO: Detected dialect: W3C
Jul 13, 2023 5:36:46 PM org.openqa.selenium.devtools.CdpVersionFinder findNearestMatch
WARNING: Unable to find an exact match for CDP version 113, so returning the closest version found: a no-op implementation
Jul 13, 2023 5:36:46 PM org.openqa.selenium.devtools.CdpVersionFinder findNearestMatch
INFO: Unable to find CDP implementation matching 113.
Jul 13, 2023 5:36:46 PM org.openqa.selenium.chromium.ChromiumDriver lambda$new$3
WARNING: Unable to find version of CDP to use for . You may need to include a dependency on a specific version of the CDP using something similar to `org.seleniumhq.selenium:selenium-devtools-v86:4.1.4` where the version ("v86") matches the version of the chromium-based browser you're using and the version number of the artifact is the same as Selenium's.
]]></system-err>
  </testcase>
  <testcase name="verifyHomePage" classname="com.crm.qa.testcases.HomePageTest" time="2.378">
    <system-out><![CDATA[Before navigating to: 'https://ui.cogmento.com/'
Navigated to:'https://ui.cogmento.com/'
Trying to find Element By : By.name: email
Found Element By : By.name: email
Trying to find Element By : By.name: password
Found Element By : By.name: password
Trying to find Element By : By.name: email
Found Element By : By.name: email
Trying to find Element By : By.name: email
Found Element By : By.name: email
Trying to find Element By : By.name: email
Found Element By : By.name: email
Trying to click on: [[ChromeDriver: chrome on MAC (79b57ae2b443021f084e79b09148a36a)] -> name: email]
Clicked on: [[ChromeDriver: chrome on MAC (79b57ae2b443021f084e79b09148a36a)] -> name: email]
Trying to find Element By : By.name: email
Found Element By : By.name: email
Trying to find Element By : By.name: email
Found Element By : By.name: email
Trying to find Element By : By.name: password
Found Element By : By.name: password
Trying to find Element By : By.name: password
Found Element By : By.name: password
Trying to find Element By : By.name: password
Found Element By : By.name: password
Trying to click on: [[ChromeDriver: chrome on MAC (79b57ae2b443021f084e79b09148a36a)] -> name: password]
Clicked on: [[ChromeDriver: chrome on MAC (79b57ae2b443021f084e79b09148a36a)] -> name: password]
Trying to find Element By : By.name: password
Found Element By : By.name: password
Trying to find Element By : By.name: password
Found Element By : By.name: password
Trying to find Element By : By.xpath: //div[contains(text(), 'Login')]
Found Element By : By.xpath: //div[contains(text(), 'Login')]
Trying to find Element By : By.xpath: //div[contains(text(), 'Login')]
Found Element By : By.xpath: //div[contains(text(), 'Login')]
Trying to find Element By : By.xpath: //div[contains(text(), 'Login')]
Found Element By : By.xpath: //div[contains(text(), 'Login')]
Trying to click on: [[ChromeDriver: chrome on MAC (79b57ae2b443021f084e79b09148a36a)] -> xpath: //div[contains(text(), 'Login')]]
Clicked on: [[ChromeDriver: chrome on MAC (79b57ae2b443021f084e79b09148a36a)] -> xpath: //div[contains(text(), 'Login')]]
Trying to find Element By : By.xpath: //span[@class='user-display']
Found Element By : By.xpath: //span[@class='user-display']
]]></system-out>
    <system-err><![CDATA[Starting ChromeDriver 113.0.5672.63 (0e1a4471d5ae5bf128b1bd8f4d627c8cbd55f70c-refs/branch-heads/5672@{#912}) on port 50960
Only local connections are allowed.
Please see https://chromedriver.chromium.org/security-considerations for suggestions on keeping ChromeDriver safe.
ChromeDriver was started successfully.
Jul 13, 2023 5:36:55 PM org.openqa.selenium.remote.ProtocolHandshake createSession
INFO: Detected dialect: W3C
Jul 13, 2023 5:36:55 PM org.openqa.selenium.devtools.CdpVersionFinder findNearestMatch
WARNING: Unable to find an exact match for CDP version 113, so returning the closest version found: a no-op implementation
Jul 13, 2023 5:36:55 PM org.openqa.selenium.devtools.CdpVersionFinder findNearestMatch
INFO: Unable to find CDP implementation matching 113.
Jul 13, 2023 5:36:55 PM org.openqa.selenium.chromium.ChromiumDriver lambda$new$3
WARNING: Unable to find version of CDP to use for . You may need to include a dependency on a specific version of the CDP using something similar to `org.seleniumhq.selenium:selenium-devtools-v86:4.1.4` where the version ("v86") matches the version of the chromium-based browser you're using and the version number of the artifact is the same as Selenium's.
]]></system-err>
  </testcase>
  <testcase name="LoginTest" classname="com.crm.qa.testcases.LoginPageTest" time="0.017">
    <system-out><![CDATA[Before navigating to: 'https://ui.cogmento.com/'
Navigated to:'https://ui.cogmento.com/'
Trying to find Element By : By.name: email
Found Element By : By.name: email
]]></system-out>
    <system-err><![CDATA[Starting ChromeDriver 113.0.5672.63 (0e1a4471d5ae5bf128b1bd8f4d627c8cbd55f70c-refs/branch-heads/5672@{#912}) on port 63613
Only local connections are allowed.
Please see https://chromedriver.chromium.org/security-considerations for suggestions on keeping ChromeDriver safe.
ChromeDriver was started successfully.
Jul 13, 2023 5:37:05 PM org.openqa.selenium.remote.ProtocolHandshake createSession
INFO: Detected dialect: W3C
Jul 13, 2023 5:37:05 PM org.openqa.selenium.devtools.CdpVersionFinder findNearestMatch
WARNING: Unable to find an exact match for CDP version 113, so returning the closest version found: a no-op implementation
Jul 13, 2023 5:37:05 PM org.openqa.selenium.devtools.CdpVersionFinder findNearestMatch
INFO: Unable to find CDP implementation matching 113.
Jul 13, 2023 5:37:05 PM org.openqa.selenium.chromium.ChromiumDriver lambda$new$3
WARNING: Unable to find version of CDP to use for . You may need to include a dependency on a specific version of the CDP using something similar to `org.seleniumhq.selenium:selenium-devtools-v86:4.1.4` where the version ("v86") matches the version of the chromium-based browser you're using and the version number of the artifact is the same as Selenium's.
]]></system-err>
  </testcase>
  <testcase name="crmLogoImage" classname="com.crm.qa.testcases.LoginPageTest" time="41.526">
    <failure message="Time Out Exception while waiting for the visibility of the web element:Proxy element for: DefaultElementLocator &apos;By.xpath: //*[@id=&apos;top-header-menu&apos;]/div&apos;&#10;" type="org.openqa.selenium.TimeoutException"><![CDATA[org.openqa.selenium.TimeoutException: 
Time Out Exception while waiting for the visibility of the web element:Proxy element for: DefaultElementLocator 'By.xpath: //*[@id='top-header-menu']/div'

	at com.crm.qa.base.WebActions.waitForElementVisibility(WebActions.java:31)
	at com.crm.qa.pages.LoginPage.validateCRMImage(LoginPage.java:48)
	at com.crm.qa.testcases.LoginPageTest.crmLogoImage(LoginPageTest.java:33)
	at java.base/jdk.internal.reflect.NativeMethodAccessorImpl.invoke0(Native Method)
	at java.base/jdk.internal.reflect.NativeMethodAccessorImpl.invoke(NativeMethodAccessorImpl.java:77)
	at java.base/jdk.internal.reflect.DelegatingMethodAccessorImpl.invoke(DelegatingMethodAccessorImpl.java:43)
	at java.base/java.lang.reflect.Method.invoke(Method.java:568)
	at org.testng.internal.invokers.MethodInvocationHelper.invokeMethod(MethodInvocationHelper.java:139)
	at org.testng.internal.invokers.TestInvoker.invokeMethod(TestInvoker.java:677)
	at org.testng.internal.invokers.TestInvoker.invokeTestMethod(TestInvoker.java:221)
	at org.testng.internal.invokers.MethodRunner.runInSequence(MethodRunner.java:50)
	at org.testng.internal.invokers.TestInvoker$MethodInvocationAgent.invoke(TestInvoker.java:969)
	at org.testng.internal.invokers.TestInvoker.invokeTestMethods(TestInvoker.java:194)
	at org.testng.internal.invokers.TestMethodWorker.invokeTestMethods(TestMethodWorker.java:148)
	at org.testng.internal.invokers.TestMethodWorker.run(TestMethodWorker.java:128)
	at java.base/java.util.ArrayList.forEach(ArrayList.java:1511)
	at org.testng.TestRunner.privateRun(TestRunner.java:829)
	at org.testng.TestRunner.run(TestRunner.java:602)
	at org.testng.SuiteRunner.runTest(SuiteRunner.java:437)
	at org.testng.SuiteRunner.runSequentially(SuiteRunner.java:431)
	at org.testng.SuiteRunner.privateRun(SuiteRunner.java:391)
	at org.testng.SuiteRunner.run(SuiteRunner.java:330)
	at org.testng.SuiteRunnerWorker.runSuite(SuiteRunnerWorker.java:52)
	at org.testng.SuiteRunnerWorker.run(SuiteRunnerWorker.java:95)
	at org.testng.TestNG.runSuitesSequentially(TestNG.java:1256)
	at org.testng.TestNG.runSuitesLocally(TestNG.java:1176)
	at org.testng.TestNG.runSuites(TestNG.java:1099)
	at org.testng.TestNG.run(TestNG.java:1067)
	at org.apache.maven.surefire.testng.TestNGExecutor.run(TestNGExecutor.java:155)
	at org.apache.maven.surefire.testng.TestNGDirectoryTestSuite.executeMulti(TestNGDirectoryTestSuite.java:169)
	at org.apache.maven.surefire.testng.TestNGDirectoryTestSuite.execute(TestNGDirectoryTestSuite.java:88)
	at org.apache.maven.surefire.testng.TestNGProvider.invoke(TestNGProvider.java:137)
	at org.apache.maven.surefire.booter.ForkedBooter.runSuitesInProcess(ForkedBooter.java:385)
	at org.apache.maven.surefire.booter.ForkedBooter.execute(ForkedBooter.java:162)
	at org.apache.maven.surefire.booter.ForkedBooter.run(ForkedBooter.java:507)
	at org.apache.maven.surefire.booter.ForkedBooter.main(ForkedBooter.java:495)
Caused by: org.openqa.selenium.TimeoutException: Expected condition failed: waiting for visibility of Proxy element for: DefaultElementLocator 'By.xpath: //*[@id='top-header-menu']/div' (tried for 20 second(s) with 500 milliseconds interval)
	at org.openqa.selenium.support.ui.WebDriverWait.timeoutException(WebDriverWait.java:87)
	at org.openqa.selenium.support.ui.FluentWait.until(FluentWait.java:231)
	at com.crm.qa.base.WebActions.waitForElementVisibility(WebActions.java:28)
	... 35 more
Caused by: org.openqa.selenium.NoSuchElementException: no such element: Unable to locate element: {"method":"xpath","selector":"//*[@id='top-header-menu']/div"}
  (Session info: chrome=113.0.5672.126)
For documentation on this error, please visit: https://selenium.dev/exceptions/#no_such_element
Build info: version: '4.1.4', revision: '535d840ee2'
System info: host: 'MacBook-Air.local', ip: '2405:201:3027:20b1:44a9:1ff6:59dc:2dd6%en0', os.name: 'Mac OS X', os.arch: 'aarch64', os.version: '13.4.1', java.version: '17.0.5'
Driver info: org.openqa.selenium.chrome.ChromeDriver
Command: [0c510005238cc47c4de86459ccb4468d, findElement {using=xpath, value=//*[@id='top-header-menu']/div}]
Capabilities {acceptInsecureCerts: false, browserName: chrome, browserVersion: 113.0.5672.126, chrome: {chromedriverVersion: 113.0.5672.63 (0e1a4471d5ae..., userDataDir: /var/folders/tl/tr0vkmyj3ln...}, goog:chromeOptions: {debuggerAddress: localhost:49995}, javascriptEnabled: true, networkConnectionEnabled: false, pageLoadStrategy: normal, platform: MAC, platformName: MAC, proxy: Proxy(), se:cdp: ws://localhost:49995/devtoo..., se:cdpVersion: 113.0.5672.126, setWindowRect: true, strictFileInteractability: false, timeouts: {implicit: 0, pageLoad: 300000, script: 30000}, unhandledPromptBehavior: dismiss and notify, webauthn:extension:credBlob: true, webauthn:extension:largeBlob: true, webauthn:extension:minPinLength: true, webauthn:extension:prf: true, webauthn:virtualAuthenticators: true}
Session ID: 0c510005238cc47c4de86459ccb4468d
	at java.base/jdk.internal.reflect.NativeConstructorAccessorImpl.newInstance0(Native Method)
	at java.base/jdk.internal.reflect.NativeConstructorAccessorImpl.newInstance(NativeConstructorAccessorImpl.java:77)
	at java.base/jdk.internal.reflect.DelegatingConstructorAccessorImpl.newInstance(DelegatingConstructorAccessorImpl.java:45)
	at java.base/java.lang.reflect.Constructor.newInstanceWithCaller(Constructor.java:499)
	at java.base/java.lang.reflect.Constructor.newInstance(Constructor.java:480)
	at org.openqa.selenium.remote.codec.w3c.W3CHttpResponseCodec.createException(W3CHttpResponseCodec.java:200)
	at org.openqa.selenium.remote.codec.w3c.W3CHttpResponseCodec.decode(W3CHttpResponseCodec.java:133)
	at org.openqa.selenium.remote.codec.w3c.W3CHttpResponseCodec.decode(W3CHttpResponseCodec.java:53)
	at org.openqa.selenium.remote.HttpCommandExecutor.execute(HttpCommandExecutor.java:184)
	at org.openqa.selenium.remote.service.DriverCommandExecutor.invokeExecute(DriverCommandExecutor.java:167)
	at org.openqa.selenium.remote.service.DriverCommandExecutor.execute(DriverCommandExecutor.java:142)
	at org.openqa.selenium.remote.RemoteWebDriver.execute(RemoteWebDriver.java:567)
	at org.openqa.selenium.remote.ElementLocation$ElementFinder$2.findElement(ElementLocation.java:162)
	at org.openqa.selenium.remote.ElementLocation.findElement(ElementLocation.java:60)
	at org.openqa.selenium.remote.RemoteWebDriver.findElement(RemoteWebDriver.java:385)
	at org.openqa.selenium.remote.RemoteWebDriver.findElement(RemoteWebDriver.java:377)
	at jdk.internal.reflect.GeneratedMethodAccessor2.invoke(Unknown Source)
	at java.base/jdk.internal.reflect.DelegatingMethodAccessorImpl.invoke(DelegatingMethodAccessorImpl.java:43)
	at java.base/java.lang.reflect.Method.invoke(Method.java:568)
	at org.openqa.selenium.support.events.EventFiringWebDriver.lambda$new$1(EventFiringWebDriver.java:115)
	at jdk.proxy2/jdk.proxy2.$Proxy13.findElement(Unknown Source)
	at org.openqa.selenium.support.events.EventFiringWebDriver.findElement(EventFiringWebDriver.java:204)
	at org.openqa.selenium.support.pagefactory.DefaultElementLocator.findElement(DefaultElementLocator.java:70)
	at org.openqa.selenium.support.pagefactory.internal.LocatingElementHandler.invoke(LocatingElementHandler.java:39)
	at jdk.proxy2/jdk.proxy2.$Proxy17.isDisplayed(Unknown Source)
	at org.openqa.selenium.support.ui.ExpectedConditions.elementIfVisible(ExpectedConditions.java:307)
	at org.openqa.selenium.support.ui.ExpectedConditions.access$000(ExpectedConditions.java:40)
	at org.openqa.selenium.support.ui.ExpectedConditions$10.apply(ExpectedConditions.java:293)
	at org.openqa.selenium.support.ui.ExpectedConditions$10.apply(ExpectedConditions.java:290)
	at org.openqa.selenium.support.ui.FluentWait.until(FluentWait.java:208)
	... 36 more
]]></failure>
    <system-out><![CDATA[Before navigating to: 'https://ui.cogmento.com/'
Navigated to:'https://ui.cogmento.com/'
Trying to find Element By : By.xpath: //*[@id='top-header-menu']/div
Exception occured: org.openqa.selenium.NoSuchElementException: no such element: Unable to locate element: {"method":"xpath","selector":"//*[@id='top-header-menu']/div"}
  (Session info: chrome=113.0.5672.126)
For documentation on this error, please visit: https://selenium.dev/exceptions/#no_such_element
Build info: version: '4.1.4', revision: '535d840ee2'
System info: host: 'MacBook-Air.local', ip: '2405:201:3027:20b1:44a9:1ff6:59dc:2dd6%en0', os.name: 'Mac OS X', os.arch: 'aarch64', os.version: '13.4.1', java.version: '17.0.5'
Driver info: org.openqa.selenium.chrome.ChromeDriver
Command: [0c510005238cc47c4de86459ccb4468d, findElement {using=xpath, value=//*[@id='top-header-menu']/div}]
Capabilities {acceptInsecureCerts: false, browserName: chrome, browserVersion: 113.0.5672.126, chrome: {chromedriverVersion: 113.0.5672.63 (0e1a4471d5ae..., userDataDir: /var/folders/tl/tr0vkmyj3ln...}, goog:chromeOptions: {debuggerAddress: localhost:49995}, javascriptEnabled: true, networkConnectionEnabled: false, pageLoadStrategy: normal, platform: MAC, platformName: MAC, proxy: Proxy(), se:cdp: ws://localhost:49995/devtoo..., se:cdpVersion: 113.0.5672.126, setWindowRect: true, strictFileInteractability: false, timeouts: {implicit: 0, pageLoad: 300000, script: 30000}, unhandledPromptBehavior: dismiss and notify, webauthn:extension:credBlob: true, webauthn:extension:largeBlob: true, webauthn:extension:minPinLength: true, webauthn:extension:prf: true, webauthn:virtualAuthenticators: true}
Session ID: 0c510005238cc47c4de86459ccb4468d
Trying to find Element By : By.xpath: //*[@id='top-header-menu']/div
Exception occured: org.openqa.selenium.NoSuchElementException: no such element: Unable to locate element: {"method":"xpath","selector":"//*[@id='top-header-menu']/div"}
  (Session info: chrome=113.0.5672.126)
For documentation on this error, please visit: https://selenium.dev/exceptions/#no_such_element
Build info: version: '4.1.4', revision: '535d840ee2'
System info: host: 'MacBook-Air.local', ip: '2405:201:3027:20b1:44a9:1ff6:59dc:2dd6%en0', os.name: 'Mac OS X', os.arch: 'aarch64', os.version: '13.4.1', java.version: '17.0.5'
Driver info: org.openqa.selenium.chrome.ChromeDriver
Command: [0c510005238cc47c4de86459ccb4468d, findElement {using=xpath, value=//*[@id='top-header-menu']/div}]
Capabilities {acceptInsecureCerts: false, browserName: chrome, browserVersion: 113.0.5672.126, chrome: {chromedriverVersion: 113.0.5672.63 (0e1a4471d5ae..., userDataDir: /var/folders/tl/tr0vkmyj3ln...}, goog:chromeOptions: {debuggerAddress: localhost:49995}, javascriptEnabled: true, networkConnectionEnabled: false, pageLoadStrategy: normal, platform: MAC, platformName: MAC, proxy: Proxy(), se:cdp: ws://localhost:49995/devtoo..., se:cdpVersion: 113.0.5672.126, setWindowRect: true, strictFileInteractability: false, timeouts: {implicit: 0, pageLoad: 300000, script: 30000}, unhandledPromptBehavior: dismiss and notify, webauthn:extension:credBlob: true, webauthn:extension:largeBlob: true, webauthn:extension:minPinLength: true, webauthn:extension:prf: true, webauthn:virtualAuthenticators: true}
Session ID: 0c510005238cc47c4de86459ccb4468d
Trying to find Element By : By.xpath: //*[@id='top-header-menu']/div
Exception occured: org.openqa.selenium.NoSuchElementException: no such element: Unable to locate element: {"method":"xpath","selector":"//*[@id='top-header-menu']/div"}
  (Session info: chrome=113.0.5672.126)
For documentation on this error, please visit: https://selenium.dev/exceptions/#no_such_element
Build info: version: '4.1.4', revision: '535d840ee2'
System info: host: 'MacBook-Air.local', ip: '2405:201:3027:20b1:44a9:1ff6:59dc:2dd6%en0', os.name: 'Mac OS X', os.arch: 'aarch64', os.version: '13.4.1', java.version: '17.0.5'
Driver info: org.openqa.selenium.chrome.ChromeDriver
Command: [0c510005238cc47c4de86459ccb4468d, findElement {using=xpath, value=//*[@id='top-header-menu']/div}]
Capabilities {acceptInsecureCerts: false, browserName: chrome, browserVersion: 113.0.5672.126, chrome: {chromedriverVersion: 113.0.5672.63 (0e1a4471d5ae..., userDataDir: /var/folders/tl/tr0vkmyj3ln...}, goog:chromeOptions: {debuggerAddress: localhost:49995}, javascriptEnabled: true, networkConnectionEnabled: false, pageLoadStrategy: normal, platform: MAC, platformName: MAC, proxy: Proxy(), se:cdp: ws://localhost:49995/devtoo..., se:cdpVersion: 113.0.5672.126, setWindowRect: true, strictFileInteractability: false, timeouts: {implicit: 0, pageLoad: 300000, script: 30000}, unhandledPromptBehavior: dismiss and notify, webauthn:extension:credBlob: true, webauthn:extension:largeBlob: true, webauthn:extension:minPinLength: true, webauthn:extension:prf: true, webauthn:virtualAuthenticators: true}
Session ID: 0c510005238cc47c4de86459ccb4468d
Trying to find Element By : By.xpath: //*[@id='top-header-menu']/div
Exception occured: org.openqa.selenium.NoSuchElementException: no such element: Unable to locate element: {"method":"xpath","selector":"//*[@id='top-header-menu']/div"}
  (Session info: chrome=113.0.5672.126)
For documentation on this error, please visit: https://selenium.dev/exceptions/#no_such_element
Build info: version: '4.1.4', revision: '535d840ee2'
System info: host: 'MacBook-Air.local', ip: '2405:201:3027:20b1:44a9:1ff6:59dc:2dd6%en0', os.name: 'Mac OS X', os.arch: 'aarch64', os.version: '13.4.1', java.version: '17.0.5'
Driver info: org.openqa.selenium.chrome.ChromeDriver
Command: [0c510005238cc47c4de86459ccb4468d, findElement {using=xpath, value=//*[@id='top-header-menu']/div}]
Capabilities {acceptInsecureCerts: false, browserName: chrome, browserVersion: 113.0.5672.126, chrome: {chromedriverVersion: 113.0.5672.63 (0e1a4471d5ae..., userDataDir: /var/folders/tl/tr0vkmyj3ln...}, goog:chromeOptions: {debuggerAddress: localhost:49995}, javascriptEnabled: true, networkConnectionEnabled: false, pageLoadStrategy: normal, platform: MAC, platformName: MAC, proxy: Proxy(), se:cdp: ws://localhost:49995/devtoo..., se:cdpVersion: 113.0.5672.126, setWindowRect: true, strictFileInteractability: false, timeouts: {implicit: 0, pageLoad: 300000, script: 30000}, unhandledPromptBehavior: dismiss and notify, webauthn:extension:credBlob: true, webauthn:extension:largeBlob: true, webauthn:extension:minPinLength: true, webauthn:extension:prf: true, webauthn:virtualAuthenticators: true}
Session ID: 0c510005238cc47c4de86459ccb4468d
]]></system-out>
    <system-err><![CDATA[Starting ChromeDriver 113.0.5672.63 (0e1a4471d5ae5bf128b1bd8f4d627c8cbd55f70c-refs/branch-heads/5672@{#912}) on port 61752
Only local connections are allowed.
Please see https://chromedriver.chromium.org/security-considerations for suggestions on keeping ChromeDriver safe.
ChromeDriver was started successfully.
Jul 13, 2023 5:37:12 PM org.openqa.selenium.remote.ProtocolHandshake createSession
INFO: Detected dialect: W3C
Jul 13, 2023 5:37:12 PM org.openqa.selenium.devtools.CdpVersionFinder findNearestMatch
WARNING: Unable to find an exact match for CDP version 113, so returning the closest version found: a no-op implementation
Jul 13, 2023 5:37:12 PM org.openqa.selenium.devtools.CdpVersionFinder findNearestMatch
INFO: Unable to find CDP implementation matching 113.
Jul 13, 2023 5:37:12 PM org.openqa.selenium.chromium.ChromiumDriver lambda$new$3
WARNING: Unable to find version of CDP to use for . You may need to include a dependency on a specific version of the CDP using something similar to `org.seleniumhq.selenium:selenium-devtools-v86:4.1.4` where the version ("v86") matches the version of the chromium-based browser you're using and the version number of the artifact is the same as Selenium's.
]]></system-err>
  </testcase>
  <testcase name="loginTest" classname="com.crm.qa.testcases.LoginPageTest" time="0.272">
    <system-out><![CDATA[Before navigating to: 'https://ui.cogmento.com/'
Navigated to:'https://ui.cogmento.com/'
Trying to find Element By : By.name: email
Found Element By : By.name: email
Trying to find Element By : By.name: password
Found Element By : By.name: password
Trying to find Element By : By.name: email
Found Element By : By.name: email
Trying to find Element By : By.name: email
Found Element By : By.name: email
Trying to find Element By : By.name: email
Found Element By : By.name: email
Trying to click on: [[ChromeDriver: chrome on MAC (22b08695e48eeb68937f790806530e71)] -> name: email]
Clicked on: [[ChromeDriver: chrome on MAC (22b08695e48eeb68937f790806530e71)] -> name: email]
Trying to find Element By : By.name: email
Found Element By : By.name: email
Trying to find Element By : By.name: email
Found Element By : By.name: email
Trying to find Element By : By.name: password
Found Element By : By.name: password
Trying to find Element By : By.name: password
Found Element By : By.name: password
Trying to find Element By : By.name: password
Found Element By : By.name: password
Trying to click on: [[ChromeDriver: chrome on MAC (22b08695e48eeb68937f790806530e71)] -> name: password]
Clicked on: [[ChromeDriver: chrome on MAC (22b08695e48eeb68937f790806530e71)] -> name: password]
Trying to find Element By : By.name: password
Found Element By : By.name: password
Trying to find Element By : By.name: password
Found Element By : By.name: password
Trying to find Element By : By.xpath: //div[contains(text(), 'Login')]
Found Element By : By.xpath: //div[contains(text(), 'Login')]
Trying to find Element By : By.xpath: //div[contains(text(), 'Login')]
Found Element By : By.xpath: //div[contains(text(), 'Login')]
Trying to find Element By : By.xpath: //div[contains(text(), 'Login')]
Found Element By : By.xpath: //div[contains(text(), 'Login')]
Trying to click on: [[ChromeDriver: chrome on MAC (22b08695e48eeb68937f790806530e71)] -> xpath: //div[contains(text(), 'Login')]]
Clicked on: [[ChromeDriver: chrome on MAC (22b08695e48eeb68937f790806530e71)] -> xpath: //div[contains(text(), 'Login')]]
]]></system-out>
    <system-err><![CDATA[Starting ChromeDriver 113.0.5672.63 (0e1a4471d5ae5bf128b1bd8f4d627c8cbd55f70c-refs/branch-heads/5672@{#912}) on port 51601
Only local connections are allowed.
Please see https://chromedriver.chromium.org/security-considerations for suggestions on keeping ChromeDriver safe.
ChromeDriver was started successfully.
Jul 13, 2023 5:38:01 PM org.openqa.selenium.remote.ProtocolHandshake createSession
INFO: Detected dialect: W3C
Jul 13, 2023 5:38:01 PM org.openqa.selenium.devtools.CdpVersionFinder findNearestMatch
WARNING: Unable to find an exact match for CDP version 113, so returning the closest version found: a no-op implementation
Jul 13, 2023 5:38:01 PM org.openqa.selenium.devtools.CdpVersionFinder findNearestMatch
INFO: Unable to find CDP implementation matching 113.
Jul 13, 2023 5:38:01 PM org.openqa.selenium.chromium.ChromiumDriver lambda$new$3
WARNING: Unable to find version of CDP to use for . You may need to include a dependency on a specific version of the CDP using something similar to `org.seleniumhq.selenium:selenium-devtools-v86:4.1.4` where the version ("v86") matches the version of the chromium-based browser you're using and the version number of the artifact is the same as Selenium's.
]]></system-err>
  </testcase>
</testsuite>